Build started 30.04.2017 23:43:28.
     1>Project "C:\Users\Nozimaxonim\documents\visual studio 2013\Projects\project\project\project.vcxproj" on node 2 (Build target(s)).
     1>ClCompile:
         C:\Program Files (x86)\Microsoft Visual Studio 12.0\VC\bin\CL.exe /c /ZI /nologo /W3 /WX- /sdl /Od /Oy- /D WIN32 /D _DEBUG /D _CONSOLE /D _LIB /D _UNICODE /D UNICODE /Gm /EHsc /RTC1 /MDd /GS /fp:precise /Zc:wchar_t /Zc:forScope /Fo"Debug\\" /Fd"Debug\vc120.pdb" /Gd /TP /analyze- /errorReport:prompt Customer.cpp Server.cpp
         Server.cpp
         Customer.cpp
     1>c:\users\nozimaxonim\documents\visual studio 2013\projects\project\project\customer.cpp(813): warning C4305: '=' : truncation from 'double' to 'float'
     1>c:\users\nozimaxonim\documents\visual studio 2013\projects\project\project\customer.cpp(814): warning C4305: '=' : truncation from 'double' to 'float'
     1>c:\users\nozimaxonim\documents\visual studio 2013\projects\project\project\customer.cpp(842): warning C4244: '=' : conversion from 'double' to 'float', possible loss of data
         Generating Code...
       Link:
         C:\Program Files (x86)\Microsoft Visual Studio 12.0\VC\bin\link.exe /ERRORREPORT:PROMPT /OUT:"C:\Users\Nozimaxonim\documents\visual studio 2013\Projects\project\Debug\project.exe" /INCREMENTAL /NOLOGO kernel32.lib user32.lib gdi32.lib winspool.lib comdlg32.lib advapi32.lib shell32.lib ole32.lib oleaut32.lib uuid.lib odbc32.lib odbccp32.lib /MANIFEST /MANIFESTUAC:"level='asInvoker' uiAccess='false'" /manifest:embed /DEBUG /PDB:"C:\Users\Nozimaxonim\documents\visual studio 2013\Projects\project\Debug\project.pdb" /SUBSYSTEM:CONSOLE /TLBID:1 /DYNAMICBASE /NXCOMPAT /IMPLIB:"C:\Users\Nozimaxonim\documents\visual studio 2013\Projects\project\Debug\project.lib" /MACHINE:X86 Debug\Animation.obj
         Debug\Customer.obj
         Debug\Controller.obj
         Debug\project.obj
         Debug\Server.obj
         Debug\stdafx.obj
         project.vcxproj -> C:\Users\Nozimaxonim\documents\visual studio 2013\Projects\project\Debug\project.exe
     1>Done Building Project "C:\Users\Nozimaxonim\documents\visual studio 2013\Projects\project\project\project.vcxproj" (Build target(s)).

Build succeeded.

Time Elapsed 00:00:01.89
